{"total": {"lines":{"total":1158,"covered":1025,"skipped":0,"pct":88.51},"statements":{"total":1158,"covered":1025,"skipped":0,"pct":88.51},"functions":{"total":25,"covered":9,"skipped":0,"pct":36},"branches":{"total":70,"covered":32,"skipped":0,"pct":45.71},"branchesTrue":{"total":0,"covered":0,"skipped":0,"pct":100}}
,"C:\\Users\\anita\\Documents\\video-labeling-electron\\src\\renderer\\src\\types.ts": {"lines":{"total":5,"covered":5,"skipped":0,"pct":100},"functions":{"total":0,"covered":0,"skipped":0,"pct":100},"statements":{"total":5,"covered":5,"skipped":0,"pct":100},"branches":{"total":1,"covered":1,"skipped":0,"pct":100}}
,"C:\\Users\\anita\\Documents\\video-labeling-electron\\src\\renderer\\src\\components\\BoxLabel.svelte": {"lines":{"total":85,"covered":85,"skipped":0,"pct":100},"functions":{"total":2,"covered":0,"skipped":0,"pct":0},"statements":{"total":85,"covered":85,"skipped":0,"pct":100},"branches":{"total":3,"covered":2,"skipped":0,"pct":66.66}}
,"C:\\Users\\anita\\Documents\\video-labeling-electron\\src\\renderer\\src\\components\\BoxRectangle.svelte": {"lines":{"total":28,"covered":28,"skipped":0,"pct":100},"functions":{"total":0,"covered":0,"skipped":0,"pct":100},"statements":{"total":28,"covered":28,"skipped":0,"pct":100},"branches":{"total":1,"covered":0,"skipped":0,"pct":0}}
,"C:\\Users\\anita\\Documents\\video-labeling-electron\\src\\renderer\\src\\components\\ControlButtons.svelte": {"lines":{"total":153,"covered":153,"skipped":0,"pct":100},"functions":{"total":3,"covered":0,"skipped":0,"pct":0},"statements":{"total":153,"covered":153,"skipped":0,"pct":100},"branches":{"total":5,"covered":0,"skipped":0,"pct":0}}
,"C:\\Users\\anita\\Documents\\video-labeling-electron\\src\\renderer\\src\\components\\CreateLabel.svelte": {"lines":{"total":55,"covered":55,"skipped":0,"pct":100},"functions":{"total":1,"covered":0,"skipped":0,"pct":0},"statements":{"total":55,"covered":55,"skipped":0,"pct":100},"branches":{"total":0,"covered":0,"skipped":0,"pct":100}}
,"C:\\Users\\anita\\Documents\\video-labeling-electron\\src\\renderer\\src\\components\\Modal.svelte": {"lines":{"total":58,"covered":58,"skipped":0,"pct":100},"functions":{"total":0,"covered":0,"skipped":0,"pct":100},"statements":{"total":58,"covered":58,"skipped":0,"pct":100},"branches":{"total":0,"covered":0,"skipped":0,"pct":100}}
,"C:\\Users\\anita\\Documents\\video-labeling-electron\\src\\renderer\\src\\components\\PercentFramesReviewed.svelte": {"lines":{"total":32,"covered":32,"skipped":0,"pct":100},"functions":{"total":0,"covered":0,"skipped":0,"pct":100},"statements":{"total":32,"covered":32,"skipped":0,"pct":100},"branches":{"total":2,"covered":0,"skipped":0,"pct":0}}
,"C:\\Users\\anita\\Documents\\video-labeling-electron\\src\\renderer\\src\\components\\SelectBoxes.svelte": {"lines":{"total":15,"covered":15,"skipped":0,"pct":100},"functions":{"total":0,"covered":0,"skipped":0,"pct":100},"statements":{"total":15,"covered":15,"skipped":0,"pct":100},"branches":{"total":0,"covered":0,"skipped":0,"pct":100}}
,"C:\\Users\\anita\\Documents\\video-labeling-electron\\src\\renderer\\src\\components\\SelectVideo.svelte": {"lines":{"total":19,"covered":19,"skipped":0,"pct":100},"functions":{"total":0,"covered":0,"skipped":0,"pct":100},"statements":{"total":19,"covered":19,"skipped":0,"pct":100},"branches":{"total":1,"covered":0,"skipped":0,"pct":0}}
,"C:\\Users\\anita\\Documents\\video-labeling-electron\\src\\renderer\\src\\components\\Table.svelte": {"lines":{"total":78,"covered":78,"skipped":0,"pct":100},"functions":{"total":0,"covered":0,"skipped":0,"pct":100},"statements":{"total":78,"covered":78,"skipped":0,"pct":100},"branches":{"total":7,"covered":0,"skipped":0,"pct":0}}
,"C:\\Users\\anita\\Documents\\video-labeling-electron\\src\\renderer\\src\\routes\\Home.svelte": {"lines":{"total":77,"covered":77,"skipped":0,"pct":100},"functions":{"total":2,"covered":1,"skipped":0,"pct":50},"statements":{"total":77,"covered":77,"skipped":0,"pct":100},"branches":{"total":4,"covered":2,"skipped":0,"pct":50}}
,"C:\\Users\\anita\\Documents\\video-labeling-electron\\src\\renderer\\src\\routes\\upload\\Upload.svelte": {"lines":{"total":104,"covered":104,"skipped":0,"pct":100},"functions":{"total":2,"covered":1,"skipped":0,"pct":50},"statements":{"total":104,"covered":104,"skipped":0,"pct":100},"branches":{"total":7,"covered":1,"skipped":0,"pct":14.28}}
,"C:\\Users\\anita\\Documents\\video-labeling-electron\\src\\renderer\\src\\stores\\labeling.js": {"lines":{"total":235,"covered":127,"skipped":0,"pct":54.04},"functions":{"total":9,"covered":3,"skipped":0,"pct":33.33},"statements":{"total":235,"covered":127,"skipped":0,"pct":54.04},"branches":{"total":20,"covered":13,"skipped":0,"pct":65}}
,"C:\\Users\\anita\\Documents\\video-labeling-electron\\src\\renderer\\src\\stores\\projects.js": {"lines":{"total":91,"covered":85,"skipped":0,"pct":93.4},"functions":{"total":3,"covered":3,"skipped":0,"pct":100},"statements":{"total":91,"covered":85,"skipped":0,"pct":93.4},"branches":{"total":10,"covered":6,"skipped":0,"pct":60}}
,"C:\\Users\\anita\\Documents\\video-labeling-electron\\src\\renderer\\src\\stores\\videos.js": {"lines":{"total":123,"covered":104,"skipped":0,"pct":84.55},"functions":{"total":3,"covered":1,"skipped":0,"pct":33.33},"statements":{"total":123,"covered":104,"skipped":0,"pct":84.55},"branches":{"total":9,"covered":7,"skipped":0,"pct":77.77}}
}
